2022-12-14 21:23:20,606 INFO  [Log] ********************************** 
2022-12-14 21:23:20,606 INFO  [Log] ***************************************** 
2022-12-14 21:23:20,606 INFO  [Log] ############   My first test case is Login test ################ 
2022-12-14 21:23:20,606 INFO  [Log] ********************************** 
2022-12-14 21:23:20,606 INFO  [Log] ***************************************** 
2022-12-14 21:23:20,606 INFO  [Log] My login test is going on 
2022-12-14 21:23:20,606 INFO  [Log] My test case might be failed 
2022-12-14 21:23:24,194 INFO  [Log] My test case is about to complete 
2022-12-14 21:23:24,194 INFO  [Log] ################################## 
2022-12-14 21:23:24,194 INFO  [Log] ########################################## 
2022-12-14 21:23:24,194 INFO  [Log] ############   This is my login test again ################ 
2022-12-14 21:23:24,194 INFO  [Log] ########################## 
2022-12-14 21:23:24,194 INFO  [Log] ########################################## 
2022-12-14 21:49:32,459 INFO  [Log] ********************************** 
2022-12-14 21:49:32,459 INFO  [Log] ***************************************** 
2022-12-14 21:49:32,459 INFO  [Log] ############   My first test case is Login test ################ 
2022-12-14 21:49:32,459 INFO  [Log] ********************************** 
2022-12-14 21:49:32,459 INFO  [Log] ***************************************** 
2022-12-14 21:49:32,459 INFO  [Log] My login test is going on 
2022-12-14 21:49:32,459 INFO  [Log] My test case might be failed 
2022-12-14 21:49:35,787 INFO  [Log] My test case is about to complete 
2022-12-14 21:49:35,787 INFO  [Log] ################################## 
2022-12-14 21:49:35,787 INFO  [Log] ########################################## 
2022-12-14 21:49:35,787 INFO  [Log] ############   This is my login test again ################ 
2022-12-14 21:49:35,787 INFO  [Log] ########################## 
2022-12-14 21:49:35,787 INFO  [Log] ########################################## 
2022-12-14 21:52:30,969 INFO  [Log] ********************************** 
2022-12-14 21:52:30,970 INFO  [Log] ***************************************** 
2022-12-14 21:52:30,970 INFO  [Log] ############   My first test case is Login test ################ 
2022-12-14 21:52:30,970 INFO  [Log] ********************************** 
2022-12-14 21:52:30,970 INFO  [Log] ***************************************** 
2022-12-14 21:52:30,970 INFO  [Log] My login test is going on 
2022-12-14 21:52:30,970 INFO  [Log] My test case might be failed 
2022-12-14 21:52:34,624 INFO  [Log] My test case is about to complete 
2022-12-14 21:52:34,624 INFO  [Log] ################################## 
2022-12-14 21:52:34,624 INFO  [Log] ########################################## 
2022-12-14 21:52:34,624 INFO  [Log] ############   This is my login test again ################ 
2022-12-14 21:52:34,624 INFO  [Log] ########################## 
2022-12-14 21:52:34,624 INFO  [Log] ########################################## 
